0 info it worked if it ends with ok
1 verbose cli [ 'node', '/usr/local/bin/npm', 'install', 'tar' ]
2 info using npm@1.4.28
3 info using node@v0.10.33
4 verbose cache add [ 'tar', null ]
5 verbose cache add name=undefined spec="tar" args=["tar",null]
6 verbose parsed url { protocol: null,
6 verbose parsed url   slashes: null,
6 verbose parsed url   auth: null,
6 verbose parsed url   host: null,
6 verbose parsed url   port: null,
6 verbose parsed url   hostname: null,
6 verbose parsed url   hash: null,
6 verbose parsed url   search: null,
6 verbose parsed url   query: null,
6 verbose parsed url   pathname: 'tar',
6 verbose parsed url   path: 'tar',
6 verbose parsed url   href: 'tar' }
7 silly lockFile 680254ba-tar tar
8 verbose lock tar /Users/tondatech/.npm/680254ba-tar.lock
9 silly lockFile 680254ba-tar tar
10 silly lockFile 680254ba-tar tar
11 verbose addNamed [ 'tar', '' ]
12 verbose addNamed [ null, '*' ]
13 silly lockFile b109c9a3-tar tar@
14 verbose lock tar@ /Users/tondatech/.npm/b109c9a3-tar.lock
15 silly addNameRange { name: 'tar', range: '*', hasData: false }
16 verbose request where is /tar
17 verbose request registry https://registry.npmjs.org/
18 verbose request id 94dd4b40de46aad6
19 verbose url raw /tar
20 verbose url resolving [ 'https://registry.npmjs.org/', './tar' ]
21 verbose url resolved https://registry.npmjs.org/tar
22 verbose request where is https://registry.npmjs.org/tar
23 info trying registry request attempt 1 at 16:25:32
24 verbose etag "6ZWRMZWAQ6DADIW59KQ87X41N"
25 http GET https://registry.npmjs.org/tar
26 http 304 https://registry.npmjs.org/tar
27 silly registry.get cb [ 304,
27 silly registry.get   { date: 'Thu, 04 Dec 2014 08:25:38 GMT',
27 silly registry.get     server: 'Apache',
27 silly registry.get     via: '1.1 varnish',
27 silly registry.get     'last-modified': 'Thu, 04 Dec 2014 08:25:13 GMT',
27 silly registry.get     'cache-control': 'max-age=60',
27 silly registry.get     etag: '"6ZWRMZWAQ6DADIW59KQ87X41N"',
27 silly registry.get     age: '27',
27 silly registry.get     'x-served-by': 'cache-lcy1135-LCY',
27 silly registry.get     'x-cache': 'HIT',
27 silly registry.get     'x-cache-hits': '2',
27 silly registry.get     'x-timer': 'S1417681538.761676,VS0,VE0',
27 silly registry.get     vary: 'Accept',
27 silly registry.get     'content-length': '0',
27 silly registry.get     'keep-alive': 'timeout=10, max=50',
27 silly registry.get     connection: 'Keep-Alive' } ]
28 verbose etag https://registry.npmjs.org/tar from cache
29 silly addNameRange number 2 { name: 'tar', range: '*', hasData: true }
30 silly addNameRange versions [ 'tar',
30 silly addNameRange   [ '0.0.1',
30 silly addNameRange     '0.1.0',
30 silly addNameRange     '0.1.2',
30 silly addNameRange     '0.1.3',
30 silly addNameRange     '0.1.4',
30 silly addNameRange     '0.1.5',
30 silly addNameRange     '0.1.6',
30 silly addNameRange     '0.1.7',
30 silly addNameRange     '0.1.8',
30 silly addNameRange     '0.1.9',
30 silly addNameRange     '0.1.10',
30 silly addNameRange     '0.1.11',
30 silly addNameRange     '0.1.12',
30 silly addNameRange     '0.1.13',
30 silly addNameRange     '0.1.14',
30 silly addNameRange     '0.1.15',
30 silly addNameRange     '0.1.16',
30 silly addNameRange     '0.1.17',
30 silly addNameRange     '0.1.18',
30 silly addNameRange     '0.1.19',
30 silly addNameRange     '0.1.20',
30 silly addNameRange     '1.0.0',
30 silly addNameRange     '1.0.1',
30 silly addNameRange     '1.0.2',
30 silly addNameRange     '1.0.3' ] ]
31 verbose addNamed [ 'tar', '1.0.3' ]
32 verbose addNamed [ '1.0.3', '1.0.3' ]
33 silly lockFile 06b779d9-tar-1-0-3 tar@1.0.3
34 verbose lock tar@1.0.3 /Users/tondatech/.npm/06b779d9-tar-1-0-3.lock
35 silly lockFile 032734bc-stry-npmjs-org-tar-tar-1-0-3-tgz https://registry.npmjs.org/tar/-/tar-1.0.3.tgz
36 verbose lock https://registry.npmjs.org/tar/-/tar-1.0.3.tgz /Users/tondatech/.npm/032734bc-stry-npmjs-org-tar-tar-1-0-3-tgz.lock
37 verbose addRemoteTarball [ 'https://registry.npmjs.org/tar/-/tar-1.0.3.tgz',
37 verbose addRemoteTarball   '15bcdab244fa4add44e4244a0176edb8aa9a2b44' ]
38 info retry fetch attempt 1 at 16:25:39
39 verbose fetch to= /var/folders/bj/3r0sd9kx2mggr288ym358l140000gn/T/npm-813-J9VAPtcR/registry.npmjs.org/tar/-/tar-1.0.3.tgz
40 http GET https://registry.npmjs.org/tar/-/tar-1.0.3.tgz
41 http 200 https://registry.npmjs.org/tar/-/tar-1.0.3.tgz
42 silly lockFile 032734bc-stry-npmjs-org-tar-tar-1-0-3-tgz https://registry.npmjs.org/tar/-/tar-1.0.3.tgz
43 silly lockFile 032734bc-stry-npmjs-org-tar-tar-1-0-3-tgz https://registry.npmjs.org/tar/-/tar-1.0.3.tgz
44 silly lockFile 06b779d9-tar-1-0-3 tar@1.0.3
45 silly lockFile 06b779d9-tar-1-0-3 tar@1.0.3
46 silly lockFile b109c9a3-tar tar@
47 silly lockFile b109c9a3-tar tar@
48 error Error: EACCES, mkdir '/Users/tondatech/.npm/tar/1.0.3'
48 error  { [Error: EACCES, mkdir '/Users/tondatech/.npm/tar/1.0.3']
48 error   errno: 3,
48 error   code: 'EACCES',
48 error   path: '/Users/tondatech/.npm/tar/1.0.3' }
49 error Please try running this command again as root/Administrator.
50 error System Darwin 14.0.0
51 error command "node" "/usr/local/bin/npm" "install" "tar"
52 error cwd /Users/tondatech/Desktop/hello-world
53 error node -v v0.10.33
54 error npm -v 1.4.28
55 error path /Users/tondatech/.npm/tar/1.0.3
56 error code EACCES
57 error errno 3
58 error stack Error: EACCES, mkdir '/Users/tondatech/.npm/tar/1.0.3'
59 verbose exit [ 3, true ]
